Using pre-set license
Built from '2020.3/china_unity/release' branch; Version is '2020.3.5f1c1 (548653c6c3de) revision 5539411'; Using compiler version '192528614'; Build Type 'Release'
OS: 'Windows 10 Pro; OS build 19043.1165; Version 2009; 64bit' Language: 'en' Physical Memory: 8124 MB
BatchMode: 1, IsHumanControllingUs: 0, StartBugReporterOnCrash: 0, Is64bit: 1, IsPro: 0

 COMMAND LINE ARGUMENTS:
C:\Program Files\Unity\2020.3.5f1c1\Editor\Unity.exe
-adb2
-batchMode
-noUpm
-name
AssetImportWorker0
-projectPath
C:/Users/Shauna/Desktop/mr-platform-0825
-logFile
Logs/AssetImportWorker0.log
-srvPort
53992
Successfully changed project path to: C:/Users/Shauna/Desktop/mr-platform-0825
C:/Users/Shauna/Desktop/mr-platform-0825
Using Asset Import Pipeline V2.
Refreshing native plugins compatible for Editor in 102.33 ms, found 11 plugins.
Preloading 1 native plugins for Editor in 1.03 ms.
Initialize engine version: 2020.3.5f1c1 (548653c6c3de)
[Subsystems] Discovering subsystems at path C:/Program Files/Unity/2020.3.5f1c1/Editor/Data/Resources/UnitySubsystems
[Subsystems] Discovering subsystems at path C:/Users/Shauna/Desktop/mr-platform-0825/Assets
GfxDevice: creating device client; threaded=0
Direct3D:
    Version:  Direct3D 11.0 [level 11.1]
    Renderer: NVIDIA GeForce GTX 1060 6GB (ID=0x1c06)
    Vendor:   
    VRAM:     6052 MB
    Driver:   27.21.14.5671
Shader 'Oculus/OVRMRCameraFrameLit': fallback shader 'Alpha-Diffuse' not found
Initialize mono
Mono path[0] = 'C:/Program Files/Unity/2020.3.5f1c1/Editor/Data/Managed'
Mono path[1] = 'C:/Program Files/Unity/2020.3.5f1c1/Editor/Data/MonoBleedingEdge/lib/mono/unityjit'
Mono config path = 'C:/Program Files/Unity/2020.3.5f1c1/Editor/Data/MonoBleedingEdge/etc'
Using monoOptions --debugger-agent=transport=dt_socket,embedding=1,server=y,suspend=n,address=127.0.0.1:56096
Begin MonoManager ReloadAssembly
Registering precompiled unity dll's ...
Register platform support module: C:/Program Files/Unity/2020.3.5f1c1/Editor/Data/PlaybackEngines/WindowsStandaloneSupport/UnityEditor.WindowsStandalone.Extensions.dll
Registered in 0.002344 seconds.
Native extension for WindowsStandalone target not found
Refreshing native plugins compatible for Editor in 83.94 ms, found 11 plugins.
Preloading 1 native plugins for Editor in 0.14 ms.
Mono: successfully reloaded assembly
- Completed reload, in  1.083 seconds
Platform modules already initialized, skipping
Registering precompiled user dll's ...
Registered in 0.010509 seconds.
Begin MonoManager ReloadAssembly
Native extension for WindowsStandalone target not found
Refreshing native plugins compatible for Editor in 74.08 ms, found 11 plugins.
Preloading 1 native plugins for Editor in 0.08 ms.
Port 62754 is in use, cannot start service!
UnityEngine.StackTraceUtility:ExtractStackTrace ()
UnityEngine.DebugLogHandler:LogFormat (UnityEngine.LogType,UnityEngine.Object,string,object[])
UnityEngine.Logger:LogFormat (UnityEngine.LogType,string,object[])
UnityEditor.AddressableAssets.HostingServices.BaseHostingService:LogFormat (UnityEngine.LogType,string,object[]) (at Library/PackageCache/com.unity.addressables@1.18.2/Editor/HostingServices/BaseHostingService.cs:134)
UnityEditor.AddressableAssets.HostingServices.BaseHostingService:LogError (string,object[]) (at Library/PackageCache/com.unity.addressables@1.18.2/Editor/HostingServices/BaseHostingService.cs:164)
UnityEditor.AddressableAssets.HostingServices.HttpHostingService:StartHostingService () (at Library/PackageCache/com.unity.addressables@1.18.2/Editor/HostingServices/HttpHostingService.cs:212)
UnityEditor.AddressableAssets.HostingServices.BaseHostingService:OnEnable () (at Library/PackageCache/com.unity.addressables@1.18.2/Editor/HostingServices/BaseHostingService.cs:29)
UnityEditor.AddressableAssets.HostingServices.HostingServicesManager:OnEnable () (at Library/PackageCache/com.unity.addressables@1.18.2/Editor/HostingServices/HostingServicesManager.cs:273)
UnityEditor.AddressableAssets.Settings.AddressableAssetSettings:OnEnable () (at Library/PackageCache/com.unity.addressables@1.18.2/Editor/Settings/AddressableAssetSettings.cs:1161)
UnityEditor.AssetDatabase:LoadAssetAtPath<UnityEditor.AddressableAssets.Settings.AddressableAssetSettings> (string)
UnityEditor.AddressableAssets.AddressableAssetSettingsDefaultObject:LoadSettingsObject () (at Library/PackageCache/com.unity.addressables@1.18.2/Editor/AddressableAssetSettingsDefaultObject.cs:62)
UnityEditor.AddressableAssets.AddressableAssetSettingsDefaultObject:get_Settings () (at Library/PackageCache/com.unity.addressables@1.18.2/Editor/AddressableAssetSettingsDefaultObject.cs:114)
UnityEditor.AddressableAssets.AddressableEditorInitialization:.cctor () (at Library/PackageCache/com.unity.addressables@1.18.2/Editor/AddressableEditorInitialization.cs:20)
System.Runtime.CompilerServices.RuntimeHelpers:RunClassConstructor (System.RuntimeTypeHandle)
UnityEditor.EditorAssemblies:ProcessInitializeOnLoadAttributes (System.Type[])

(Filename: Library/PackageCache/com.unity.addressables@1.18.2/Editor/HostingServices/BaseHostingService.cs Line: 134)

[XR] OculusXRPlugin: registering subsystems
[XR] Unable to register display lifecyle provider: [1]
[XR] Oculus Input lifecycle provider registered.
[XR] Unable to register input lifecyle provider: [1]
[XR] OVRP version 1.60.0
Mono: successfully reloaded assembly
- Completed reload, in  1.520 seconds
Platform modules already initialized, skipping
========================================================================
Worker process is ready to serve import requests
Shader 'Oculus/OVRMRCameraFrameLit': fallback shader 'Alpha-Diffuse' not found
Launched and connected shader compiler UnityShaderCompiler.exe after 0.05 seconds
Refreshing native plugins compatible for Editor in 0.96 ms, found 11 plugins.
Preloading 1 native plugins for Editor in 0.08 ms.
Unloading 2888 Unused Serialized files (Serialized files now loaded: 0)
System memory in use before: 131.3 MB.
System memory in use after: 131.3 MB.

Unloading 65 unused Assets to reduce memory usage. Loaded Objects now: 3296.
Total: 2.897200 ms (FindLiveObjects: 0.301200 ms CreateObjectMapping: 0.144400 ms MarkObjects: 2.312600 ms  DeleteObjects: 0.137000 ms)

========================================================================
Received Prepare
Registering precompiled user dll's ...
Registered in 0.010584 seconds.
Begin MonoManager ReloadAssembly
Native extension for WindowsStandalone target not found
Refreshing native plugins compatible for Editor in 1.74 ms, found 11 plugins.
Preloading 1 native plugins for Editor in 0.12 ms.
Port 62754 is in use, cannot start service!
UnityEngine.StackTraceUtility:ExtractStackTrace ()
UnityEngine.DebugLogHandler:LogFormat (UnityEngine.LogType,UnityEngine.Object,string,object[])
UnityEngine.Logger:LogFormat (UnityEngine.LogType,string,object[])
UnityEditor.AddressableAssets.HostingServices.BaseHostingService:LogFormat (UnityEngine.LogType,string,object[]) (at Library/PackageCache/com.unity.addressables@1.18.2/Editor/HostingServices/BaseHostingService.cs:134)
UnityEditor.AddressableAssets.HostingServices.BaseHostingService:LogError (string,object[]) (at Library/PackageCache/com.unity.addressables@1.18.2/Editor/HostingServices/BaseHostingService.cs:164)
UnityEditor.AddressableAssets.HostingServices.HttpHostingService:StartHostingService () (at Library/PackageCache/com.unity.addressables@1.18.2/Editor/HostingServices/HttpHostingService.cs:212)
UnityEditor.AddressableAssets.HostingServices.BaseHostingService:OnEnable () (at Library/PackageCache/com.unity.addressables@1.18.2/Editor/HostingServices/BaseHostingService.cs:29)
UnityEditor.AddressableAssets.HostingServices.HostingServicesManager:OnEnable () (at Library/PackageCache/com.unity.addressables@1.18.2/Editor/HostingServices/HostingServicesManager.cs:273)
UnityEditor.AddressableAssets.Settings.AddressableAssetSettings:OnEnable () (at Library/PackageCache/com.unity.addressables@1.18.2/Editor/Settings/AddressableAssetSettings.cs:1161)

(Filename: Library/PackageCache/com.unity.addressables@1.18.2/Editor/HostingServices/BaseHostingService.cs Line: 134)

Mono: successfully reloaded assembly
- Completed reload, in  1.598 seconds
Platform modules already initialized, skipping
Shader 'Oculus/OVRMRCameraFrameLit': fallback shader 'Alpha-Diffuse' not found
Refreshing native plugins compatible for Editor in 1.03 ms, found 11 plugins.
Preloading 1 native plugins for Editor in 0.07 ms.
Unloading 2802 Unused Serialized files (Serialized files now loaded: 0)
System memory in use before: 126.0 MB.
System memory in use after: 126.2 MB.

Unloading 58 unused Assets to reduce memory usage. Loaded Objects now: 3300.
Total: 3.434200 ms (FindLiveObjects: 0.511700 ms CreateObjectMapping: 0.214600 ms MarkObjects: 2.650600 ms  DeleteObjects: 0.056100 ms)

========================================================================
Received Prepare
Registering precompiled user dll's ...
Registered in 0.014443 seconds.
Begin MonoManager ReloadAssembly
Native extension for WindowsStandalone target not found
Refreshing native plugins compatible for Editor in 1.11 ms, found 11 plugins.
Preloading 1 native plugins for Editor in 0.09 ms.
Port 62754 is in use, cannot start service!
UnityEngine.StackTraceUtility:ExtractStackTrace ()
UnityEngine.DebugLogHandler:LogFormat (UnityEngine.LogType,UnityEngine.Object,string,object[])
UnityEngine.Logger:LogFormat (UnityEngine.LogType,string,object[])
UnityEditor.AddressableAssets.HostingServices.BaseHostingService:LogFormat (UnityEngine.LogType,string,object[]) (at Library/PackageCache/com.unity.addressables@1.18.2/Editor/HostingServices/BaseHostingService.cs:134)
UnityEditor.AddressableAssets.HostingServices.BaseHostingService:LogError (string,object[]) (at Library/PackageCache/com.unity.addressables@1.18.2/Editor/HostingServices/BaseHostingService.cs:164)
UnityEditor.AddressableAssets.HostingServices.HttpHostingService:StartHostingService () (at Library/PackageCache/com.unity.addressables@1.18.2/Editor/HostingServices/HttpHostingService.cs:212)
UnityEditor.AddressableAssets.HostingServices.BaseHostingService:OnEnable () (at Library/PackageCache/com.unity.addressables@1.18.2/Editor/HostingServices/BaseHostingService.cs:29)
UnityEditor.AddressableAssets.HostingServices.HostingServicesManager:OnEnable () (at Library/PackageCache/com.unity.addressables@1.18.2/Editor/HostingServices/HostingServicesManager.cs:273)
UnityEditor.AddressableAssets.Settings.AddressableAssetSettings:OnEnable () (at Library/PackageCache/com.unity.addressables@1.18.2/Editor/Settings/AddressableAssetSettings.cs:1161)

(Filename: Library/PackageCache/com.unity.addressables@1.18.2/Editor/HostingServices/BaseHostingService.cs Line: 134)

Mono: successfully reloaded assembly
- Completed reload, in  1.915 seconds
Platform modules already initialized, skipping
Shader 'Oculus/OVRMRCameraFrameLit': fallback shader 'Alpha-Diffuse' not found
Refreshing native plugins compatible for Editor in 1.11 ms, found 11 plugins.
Preloading 1 native plugins for Editor in 0.09 ms.
Unloading 2802 Unused Serialized files (Serialized files now loaded: 0)
System memory in use before: 126.1 MB.
System memory in use after: 126.3 MB.

Unloading 58 unused Assets to reduce memory usage. Loaded Objects now: 3304.
Total: 3.689300 ms (FindLiveObjects: 0.404800 ms CreateObjectMapping: 0.171000 ms MarkObjects: 3.034700 ms  DeleteObjects: 0.077000 ms)

========================================================================
Received Prepare
Shader 'Oculus/OVRMRCameraFrameLit': fallback shader 'Alpha-Diffuse' not found
Refreshing native plugins compatible for Editor in 17.08 ms, found 11 plugins.
Preloading 1 native plugins for Editor in 0.08 ms.
Unloading 54 Unused Serialized files (Serialized files now loaded: 0)
System memory in use before: 71.1 MB.
System memory in use after: 71.3 MB.

Unloading 54 unused Assets to reduce memory usage. Loaded Objects now: 3304.
Total: 373.684200 ms (FindLiveObjects: 0.572800 ms CreateObjectMapping: 369.182800 ms MarkObjects: 3.889700 ms  DeleteObjects: 0.036400 ms)

